{
  "meta": {
    "format": 3,
    "version": "7.10.7",
    "timestamp": "2025-10-08T10:41:38.280496",
    "branch_coverage": false,
    "show_contexts": false
  },
  "files": {
    "autoarr/api/__init__.py": {
      "executed_lines": [1, 7, 9],
      "summary": {
        "covered_lines": 2,
        "num_statements": 2,
        "percent_covered": 100.0,
        "percent_covered_display": "100",
        "missing_lines": 0,
        "excluded_lines": 0
      },
      "missing_lines": [],
      "excluded_lines": [],
      "functions": {
        "": {
          "executed_lines": [1, 7, 9],
          "summary": {
            "covered_lines": 2,
            "num_statements": 2,
            "percent_covered": 100.0,
            "percent_covered_display": "100",
            "missing_lines": 0,
            "excluded_lines": 0
          },
          "missing_lines": [],
          "excluded_lines": []
        }
      },
      "classes": {
        "": {
          "executed_lines": [1, 7, 9],
          "summary": {
            "covered_lines": 2,
            "num_statements": 2,
            "percent_covered": 100.0,
            "percent_covered_display": "100",
            "missing_lines": 0,
            "excluded_lines": 0
          },
          "missing_lines": [],
          "excluded_lines": []
        }
      }
    },
    "autoarr/api/config.py": {
      "executed_lines": [
        1, 8, 9, 11, 14, 15, 21, 22, 23, 24, 30, 31, 32, 33, 34, 40, 41, 42, 43,
        44, 50, 51, 52, 53, 59, 60, 61, 62, 68, 69, 70, 71, 77, 78, 79, 80, 86,
        92, 98, 99, 100, 101, 102, 103, 104, 105, 106, 107, 108, 109, 115, 116,
        117, 118, 121, 129, 130, 137
      ],
      "summary": {
        "covered_lines": 56,
        "num_statements": 56,
        "percent_covered": 100.0,
        "percent_covered_display": "100",
        "missing_lines": 0,
        "excluded_lines": 0
      },
      "missing_lines": [],
      "excluded_lines": [],
      "functions": {
        "get_settings": {
          "executed_lines": [137],
          "summary": {
            "covered_lines": 1,
            "num_statements": 1,
            "percent_covered": 100.0,
            "percent_covered_display": "100",
            "missing_lines": 0,
            "excluded_lines": 0
          },
          "missing_lines": [],
          "excluded_lines": []
        },
        "": {
          "executed_lines": [
            1, 8, 9, 11, 14, 15, 21, 22, 23, 24, 30, 31, 32, 33, 34, 40, 41, 42,
            43, 44, 50, 51, 52, 53, 59, 60, 61, 62, 68, 69, 70, 71, 77, 78, 79,
            80, 86, 92, 98, 99, 100, 101, 102, 103, 104, 105, 106, 107, 108,
            109, 115, 116, 117, 118, 121, 129, 130
          ],
          "summary": {
            "covered_lines": 55,
            "num_statements": 55,
            "percent_covered": 100.0,
            "percent_covered_display": "100",
            "missing_lines": 0,
            "excluded_lines": 0
          },
          "missing_lines": [],
          "excluded_lines": []
        }
      },
      "classes": {
        "Settings": {
          "executed_lines": [],
          "summary": {
            "covered_lines": 0,
            "num_statements": 0,
            "percent_covered": 100.0,
            "percent_covered_display": "100",
            "missing_lines": 0,
            "excluded_lines": 0
          },
          "missing_lines": [],
          "excluded_lines": []
        },
        "": {
          "executed_lines": [
            1, 8, 9, 11, 14, 15, 21, 22, 23, 24, 30, 31, 32, 33, 34, 40, 41, 42,
            43, 44, 50, 51, 52, 53, 59, 60, 61, 62, 68, 69, 70, 71, 77, 78, 79,
            80, 86, 92, 98, 99, 100, 101, 102, 103, 104, 105, 106, 107, 108,
            109, 115, 116, 117, 118, 121, 129, 130, 137
          ],
          "summary": {
            "covered_lines": 56,
            "num_statements": 56,
            "percent_covered": 100.0,
            "percent_covered_display": "100",
            "missing_lines": 0,
            "excluded_lines": 0
          },
          "missing_lines": [],
          "excluded_lines": []
        }
      }
    },
    "autoarr/api/database.py": {
      "executed_lines": [
        1, 8, 9, 10, 12, 13, 14, 16, 24, 25, 27, 35, 36, 38, 40, 41, 42, 43, 44,
        52, 53, 55, 77, 83, 87, 88, 108, 111, 126, 136, 137, 146, 147, 149, 158,
        174, 186, 235
      ],
      "summary": {
        "covered_lines": 33,
        "num_statements": 81,
        "percent_covered": 40.74074074074074,
        "percent_covered_display": "41",
        "missing_lines": 48,
        "excluded_lines": 0
      },
      "missing_lines": [
        62, 65, 66, 68, 73, 79, 80, 81, 85, 95, 96, 97, 98, 99, 100, 101, 122,
        123, 138, 156, 168, 169, 172, 181, 182, 183, 184, 207, 209, 212, 214,
        216, 217, 218, 219, 222, 229, 231, 232, 233, 245, 246, 249, 251, 252,
        253, 254, 256
      ],
      "excluded_lines": [],
      "functions": {
        "Database.__init__": {
          "executed_lines": [],
          "summary": {
            "covered_lines": 0,
            "num_statements": 5,
            "percent_covered": 0.0,
            "percent_covered_display": "0",
            "missing_lines": 5,
            "excluded_lines": 0
          },
          "missing_lines": [62, 65, 66, 68, 73],
          "excluded_lines": []
        },
        "Database.init_db": {
          "executed_lines": [],
          "summary": {
            "covered_lines": 0,
            "num_statements": 3,
            "percent_covered": 0.0,
            "percent_covered_display": "0",
            "missing_lines": 3,
            "excluded_lines": 0
          },
          "missing_lines": [79, 80, 81],
          "excluded_lines": []
        },
        "Database.close": {
          "executed_lines": [],
          "summary": {
            "covered_lines": 0,
            "num_statements": 1,
            "percent_covered": 0.0,
            "percent_covered_display": "0",
            "missing_lines": 1,
            "excluded_lines": 0
          },
          "missing_lines": [85],
          "excluded_lines": []
        },
        "Database.session": {
          "executed_lines": [],
          "summary": {
            "covered_lines": 0,
            "num_statements": 7,
            "percent_covered": 0.0,
            "percent_covered_display": "0",
            "missing_lines": 7,
            "excluded_lines": 0
          },
          "missing_lines": [95, 96, 97, 98, 99, 100, 101],
          "excluded_lines": []
        },
        "init_database": {
          "executed_lines": [],
          "summary": {
            "covered_lines": 0,
            "num_statements": 2,
            "percent_covered": 0.0,
            "percent_covered_display": "0",
            "missing_lines": 2,
            "excluded_lines": 0
          },
          "missing_lines": [122, 123],
          "excluded_lines": []
        },
        "get_database": {
          "executed_lines": [136, 137],
          "summary": {
            "covered_lines": 2,
            "num_statements": 3,
            "percent_covered": 66.66666666666667,
            "percent_covered_display": "67",
            "missing_lines": 1,
            "excluded_lines": 0
          },
          "missing_lines": [138],
          "excluded_lines": []
        },
        "SettingsRepository.__init__": {
          "executed_lines": [],
          "summary": {
            "covered_lines": 0,
            "num_statements": 1,
            "percent_covered": 0.0,
            "percent_covered_display": "0",
            "missing_lines": 1,
            "excluded_lines": 0
          },
          "missing_lines": [156],
          "excluded_lines": []
        },
        "SettingsRepository.get_service_settings": {
          "executed_lines": [],
          "summary": {
            "covered_lines": 0,
            "num_statements": 3,
            "percent_covered": 0.0,
            "percent_covered_display": "0",
            "missing_lines": 3,
            "excluded_lines": 0
          },
          "missing_lines": [168, 169, 172],
          "excluded_lines": []
        },
        "SettingsRepository.get_all_service_settings": {
          "executed_lines": [],
          "summary": {
            "covered_lines": 0,
            "num_statements": 4,
            "percent_covered": 0.0,
            "percent_covered_display": "0",
            "missing_lines": 4,
            "excluded_lines": 0
          },
          "missing_lines": [181, 182, 183, 184],
          "excluded_lines": []
        },
        "SettingsRepository.save_service_settings": {
          "executed_lines": [],
          "summary": {
            "covered_lines": 0,
            "num_statements": 13,
            "percent_covered": 0.0,
            "percent_covered_display": "0",
            "missing_lines": 13,
            "excluded_lines": 0
          },
          "missing_lines": [
            207, 209, 212, 214, 216, 217, 218, 219, 222, 229, 231, 232, 233
          ],
          "excluded_lines": []
        },
        "SettingsRepository.delete_service_settings": {
          "executed_lines": [],
          "summary": {
            "covered_lines": 0,
            "num_statements": 8,
            "percent_covered": 0.0,
            "percent_covered_display": "0",
            "missing_lines": 8,
            "excluded_lines": 0
          },
          "missing_lines": [245, 246, 249, 251, 252, 253, 254, 256],
          "excluded_lines": []
        },
        "": {
          "executed_lines": [
            1, 8, 9, 10, 12, 13, 14, 16, 24, 25, 27, 35, 36, 38, 40, 41, 42, 43,
            44, 52, 53, 55, 77, 83, 87, 88, 108, 111, 126, 146, 147, 149, 158,
            174, 186, 235
          ],
          "summary": {
            "covered_lines": 31,
            "num_statements": 31,
            "percent_covered": 100.0,
            "percent_covered_display": "100",
            "missing_lines": 0,
            "excluded_lines": 0
          },
          "missing_lines": [],
          "excluded_lines": []
        }
      },
      "classes": {
        "Base": {
          "executed_lines": [],
          "summary": {
            "covered_lines": 0,
            "num_statements": 0,
            "percent_covered": 100.0,
            "percent_covered_display": "100",
            "missing_lines": 0,
            "excluded_lines": 0
          },
          "missing_lines": [],
          "excluded_lines": []
        },
        "ServiceSettings": {
          "executed_lines": [],
          "summary": {
            "covered_lines": 0,
            "num_statements": 0,
            "percent_covered": 100.0,
            "percent_covered_display": "100",
            "missing_lines": 0,
            "excluded_lines": 0
          },
          "missing_lines": [],
          "excluded_lines": []
        },
        "Database": {
          "executed_lines": [],
          "summary": {
            "covered_lines": 0,
            "num_statements": 16,
            "percent_covered": 0.0,
            "percent_covered_display": "0",
            "missing_lines": 16,
            "excluded_lines": 0
          },
          "missing_lines": [
            62, 65, 66, 68, 73, 79, 80, 81, 85, 95, 96, 97, 98, 99, 100, 101
          ],
          "excluded_lines": []
        },
        "SettingsRepository": {
          "executed_lines": [],
          "summary": {
            "covered_lines": 0,
            "num_statements": 29,
            "percent_covered": 0.0,
            "percent_covered_display": "0",
            "missing_lines": 29,
            "excluded_lines": 0
          },
          "missing_lines": [
            156, 168, 169, 172, 181, 182, 183, 184, 207, 209, 212, 214, 216,
            217, 218, 219, 222, 229, 231, 232, 233, 245, 246, 249, 251, 252,
            253, 254, 256
          ],
          "excluded_lines": []
        },
        "": {
          "executed_lines": [
            1, 8, 9, 10, 12, 13, 14, 16, 24, 25, 27, 35, 36, 38, 40, 41, 42, 43,
            44, 52, 53, 55, 77, 83, 87, 88, 108, 111, 126, 136, 137, 146, 147,
            149, 158, 174, 186, 235
          ],
          "summary": {
            "covered_lines": 33,
            "num_statements": 36,
            "percent_covered": 91.66666666666667,
            "percent_covered_display": "92",
            "missing_lines": 3,
            "excluded_lines": 0
          },
          "missing_lines": [122, 123, 138],
          "excluded_lines": []
        }
      }
    },
    "autoarr/api/dependencies.py": {
      "executed_lines": [
        1, 8, 9, 11, 12, 14, 17, 18, 28, 29, 32, 33, 34, 42, 43, 44, 52, 53, 54,
        62, 63, 64, 73, 94, 97, 110, 111, 112, 115, 116, 117, 119, 121, 124,
        133, 134, 135, 136, 138, 139, 140, 141, 143, 146, 153
      ],
      "summary": {
        "covered_lines": 44,
        "num_statements": 44,
        "percent_covered": 100.0,
        "percent_covered_display": "100",
        "missing_lines": 0,
        "excluded_lines": 0
      },
      "missing_lines": [],
      "excluded_lines": [],
      "functions": {
        "get_orchestrator_config": {
          "executed_lines": [
            28, 29, 32, 33, 34, 42, 43, 44, 52, 53, 54, 62, 63, 64, 73
          ],
          "summary": {
            "covered_lines": 15,
            "num_statements": 15,
            "percent_covered": 100.0,
            "percent_covered_display": "100",
            "missing_lines": 0,
            "excluded_lines": 0
          },
          "missing_lines": [],
          "excluded_lines": []
        },
        "get_orchestrator": {
          "executed_lines": [110, 111, 112, 115, 116, 117, 119, 121],
          "summary": {
            "covered_lines": 8,
            "num_statements": 8,
            "percent_covered": 100.0,
            "percent_covered_display": "100",
            "missing_lines": 0,
            "excluded_lines": 0
          },
          "missing_lines": [],
          "excluded_lines": []
        },
        "shutdown_orchestrator": {
          "executed_lines": [133, 134, 135, 136, 138, 139, 140, 141, 143],
          "summary": {
            "covered_lines": 9,
            "num_statements": 9,
            "percent_covered": 100.0,
            "percent_covered_display": "100",
            "missing_lines": 0,
            "excluded_lines": 0
          },
          "missing_lines": [],
          "excluded_lines": []
        },
        "reset_orchestrator": {
          "executed_lines": [153],
          "summary": {
            "covered_lines": 1,
            "num_statements": 1,
            "percent_covered": 100.0,
            "percent_covered_display": "100",
            "missing_lines": 0,
            "excluded_lines": 0
          },
          "missing_lines": [],
          "excluded_lines": []
        },
        "": {
          "executed_lines": [1, 8, 9, 11, 12, 14, 17, 18, 94, 97, 124, 146],
          "summary": {
            "covered_lines": 11,
            "num_statements": 11,
            "percent_covered": 100.0,
            "percent_covered_display": "100",
            "missing_lines": 0,
            "excluded_lines": 0
          },
          "missing_lines": [],
          "excluded_lines": []
        }
      },
      "classes": {
        "": {
          "executed_lines": [
            1, 8, 9, 11, 12, 14, 17, 18, 28, 29, 32, 33, 34, 42, 43, 44, 52, 53,
            54, 62, 63, 64, 73, 94, 97, 110, 111, 112, 115, 116, 117, 119, 121,
            124, 133, 134, 135, 136, 138, 139, 140, 141, 143, 146, 153
          ],
          "summary": {
            "covered_lines": 44,
            "num_statements": 44,
            "percent_covered": 100.0,
            "percent_covered_display": "100",
            "missing_lines": 0,
            "excluded_lines": 0
          },
          "missing_lines": [],
          "excluded_lines": []
        }
      }
    },
    "autoarr/api/main.py": {
      "executed_lines": [
        1, 8, 9, 11, 12, 13, 14, 16, 17, 18, 19, 24, 25, 28, 32, 35, 38, 39, 46,
        47, 48, 51, 57, 59, 62, 63, 66, 67, 68, 69, 70, 71, 73, 77, 93, 102,
        105, 108, 116, 122, 129, 136, 143, 150, 157, 169, 170, 171, 179, 180,
        187, 197, 198, 205, 212
      ],
      "summary": {
        "covered_lines": 54,
        "num_statements": 60,
        "percent_covered": 90.0,
        "percent_covered_display": "90",
        "missing_lines": 6,
        "excluded_lines": 0
      },
      "missing_lines": [52, 53, 54, 55, 213, 215],
      "excluded_lines": [],
      "functions": {
        "lifespan": {
          "executed_lines": [
            46, 47, 48, 51, 57, 59, 62, 63, 66, 67, 68, 69, 70, 71, 73
          ],
          "summary": {
            "covered_lines": 15,
            "num_statements": 19,
            "percent_covered": 78.94736842105263,
            "percent_covered_display": "79",
            "missing_lines": 4,
            "excluded_lines": 0
          },
          "missing_lines": [52, 53, 54, 55],
          "excluded_lines": []
        },
        "root": {
          "executed_lines": [187],
          "summary": {
            "covered_lines": 1,
            "num_statements": 1,
            "percent_covered": 100.0,
            "percent_covered_display": "100",
            "missing_lines": 0,
            "excluded_lines": 0
          },
          "missing_lines": [],
          "excluded_lines": []
        },
        "ping": {
          "executed_lines": [205],
          "summary": {
            "covered_lines": 1,
            "num_statements": 1,
            "percent_covered": 100.0,
            "percent_covered_display": "100",
            "missing_lines": 0,
            "excluded_lines": 0
          },
          "missing_lines": [],
          "excluded_lines": []
        },
        "": {
          "executed_lines": [
            1, 8, 9, 11, 12, 13, 14, 16, 17, 18, 19, 24, 25, 28, 32, 35, 38, 39,
            77, 93, 102, 105, 108, 116, 122, 129, 136, 143, 150, 157, 169, 170,
            171, 179, 180, 197, 198, 212
          ],
          "summary": {
            "covered_lines": 37,
            "num_statements": 39,
            "percent_covered": 94.87179487179488,
            "percent_covered_display": "95",
            "missing_lines": 2,
            "excluded_lines": 0
          },
          "missing_lines": [213, 215],
          "excluded_lines": []
        }
      },
      "classes": {
        "": {
          "executed_lines": [
            1, 8, 9, 11, 12, 13, 14, 16, 17, 18, 19, 24, 25, 28, 32, 35, 38, 39,
            46, 47, 48, 51, 57, 59, 62, 63, 66, 67, 68, 69, 70, 71, 73, 77, 93,
            102, 105, 108, 116, 122, 129, 136, 143, 150, 157, 169, 170, 171,
            179, 180, 187, 197, 198, 205, 212
          ],
          "summary": {
            "covered_lines": 54,
            "num_statements": 60,
            "percent_covered": 90.0,
            "percent_covered_display": "90",
            "missing_lines": 6,
            "excluded_lines": 0
          },
          "missing_lines": [52, 53, 54, 55, 213, 215],
          "excluded_lines": []
        }
      }
    },
    "autoarr/api/middleware.py": {
      "executed_lines": [
        1, 7, 8, 9, 10, 12, 13, 14, 21, 23, 26, 29, 30, 32, 43, 44, 45, 46, 47,
        49, 60, 61, 64, 65, 71, 73, 74, 80, 82, 83, 89, 91, 92, 98, 100, 101,
        107, 109, 110, 116, 120, 121, 127, 129, 135, 136, 138, 150, 151, 154,
        157, 160, 163, 169, 170, 172, 175, 186, 189, 190, 191, 192, 194
      ],
      "summary": {
        "covered_lines": 60,
        "num_statements": 60,
        "percent_covered": 100.0,
        "percent_covered_display": "100",
        "missing_lines": 0,
        "excluded_lines": 0
      },
      "missing_lines": [],
      "excluded_lines": [],
      "functions": {
        "ErrorHandlerMiddleware.dispatch": {
          "executed_lines": [43, 44, 45, 46, 47],
          "summary": {
            "covered_lines": 5,
            "num_statements": 5,
            "percent_covered": 100.0,
            "percent_covered_display": "100",
            "missing_lines": 0,
            "excluded_lines": 0
          },
          "missing_lines": [],
          "excluded_lines": []
        },
        "ErrorHandlerMiddleware.handle_error": {
          "executed_lines": [
            60, 61, 64, 65, 71, 73, 74, 80, 82, 83, 89, 91, 92, 98, 100, 101,
            107, 109, 110, 116, 120, 121, 127, 129
          ],
          "summary": {
            "covered_lines": 24,
            "num_statements": 24,
            "percent_covered": 100.0,
            "percent_covered_display": "100",
            "missing_lines": 0,
            "excluded_lines": 0
          },
          "missing_lines": [],
          "excluded_lines": []
        },
        "RequestLoggingMiddleware.dispatch": {
          "executed_lines": [150, 151, 154, 157, 160, 163, 169, 170, 172],
          "summary": {
            "covered_lines": 9,
            "num_statements": 9,
            "percent_covered": 100.0,
            "percent_covered_display": "100",
            "missing_lines": 0,
            "excluded_lines": 0
          },
          "missing_lines": [],
          "excluded_lines": []
        },
        "add_security_headers": {
          "executed_lines": [186, 189, 190, 191, 192, 194],
          "summary": {
            "covered_lines": 6,
            "num_statements": 6,
            "percent_covered": 100.0,
            "percent_covered_display": "100",
            "missing_lines": 0,
            "excluded_lines": 0
          },
          "missing_lines": [],
          "excluded_lines": []
        },
        "": {
          "executed_lines": [
            1, 7, 8, 9, 10, 12, 13, 14, 21, 23, 26, 29, 30, 32, 49, 135, 136,
            138, 175
          ],
          "summary": {
            "covered_lines": 16,
            "num_statements": 16,
            "percent_covered": 100.0,
            "percent_covered_display": "100",
            "missing_lines": 0,
            "excluded_lines": 0
          },
          "missing_lines": [],
          "excluded_lines": []
        }
      },
      "classes": {
        "ErrorHandlerMiddleware": {
          "executed_lines": [
            43, 44, 45, 46, 47, 60, 61, 64, 65, 71, 73, 74, 80, 82, 83, 89, 91,
            92, 98, 100, 101, 107, 109, 110, 116, 120, 121, 127, 129
          ],
          "summary": {
            "covered_lines": 29,
            "num_statements": 29,
            "percent_covered": 100.0,
            "percent_covered_display": "100",
            "missing_lines": 0,
            "excluded_lines": 0
          },
          "missing_lines": [],
          "excluded_lines": []
        },
        "RequestLoggingMiddleware": {
          "executed_lines": [150, 151, 154, 157, 160, 163, 169, 170, 172],
          "summary": {
            "covered_lines": 9,
            "num_statements": 9,
            "percent_covered": 100.0,
            "percent_covered_display": "100",
            "missing_lines": 0,
            "excluded_lines": 0
          },
          "missing_lines": [],
          "excluded_lines": []
        },
        "": {
          "executed_lines": [
            1, 7, 8, 9, 10, 12, 13, 14, 21, 23, 26, 29, 30, 32, 49, 135, 136,
            138, 175, 186, 189, 190, 191, 192, 194
          ],
          "summary": {
            "covered_lines": 22,
            "num_statements": 22,
            "percent_covered": 100.0,
            "percent_covered_display": "100",
            "missing_lines": 0,
            "excluded_lines": 0
          },
          "missing_lines": [],
          "excluded_lines": []
        }
      }
    },
    "autoarr/api/models.py": {
      "executed_lines": [
        1, 8, 10, 18, 19, 21, 32, 33, 34, 35, 38, 39, 41, 52, 53, 54, 55, 58,
        59, 61, 73, 74, 77, 78, 80, 91, 99, 100, 102, 114, 115, 116, 117, 118,
        123, 124, 126, 144, 145, 146, 154, 155, 157, 168, 169, 170, 171, 179,
        180, 182, 183, 184, 185, 186, 187, 188, 191, 192, 194, 195, 196, 197,
        200, 201, 203, 211, 212, 214, 215, 216, 217, 218, 219, 220, 223, 224,
        226, 227, 230, 231, 233, 234, 235, 236, 237, 238, 246, 247, 249, 250,
        251, 252, 253, 254, 255, 258, 259, 261, 262, 265, 266, 268, 269, 270,
        271, 272, 280, 281, 283, 284, 285, 286, 287, 288, 289, 292, 293, 295,
        296, 299, 300, 302, 303, 304, 305, 306, 309, 310, 312, 313, 316, 317,
        319, 327, 328, 330, 331, 332, 333, 336, 337, 339, 340
      ],
      "summary": {
        "covered_lines": 119,
        "num_statements": 119,
        "percent_covered": 100.0,
        "percent_covered_display": "100",
        "missing_lines": 0,
        "excluded_lines": 0
      },
      "missing_lines": [],
      "excluded_lines": [],
      "functions": {
        "": {
          "executed_lines": [
            1, 8, 10, 18, 19, 21, 32, 33, 34, 35, 38, 39, 41, 52, 53, 54, 55,
            58, 59, 61, 73, 74, 77, 78, 80, 91, 99, 100, 102, 114, 115, 116,
            117, 118, 123, 124, 126, 144, 145, 146, 154, 155, 157, 168, 169,
            170, 171, 179, 180, 182, 183, 184, 185, 186, 187, 188, 191, 192,
            194, 195, 196, 197, 200, 201, 203, 211, 212, 214, 215, 216, 217,
            218, 219, 220, 223, 224, 226, 227, 230, 231, 233, 234, 235, 236,
            237, 238, 246, 247, 249, 250, 251, 252, 253, 254, 255, 258, 259,
            261, 262, 265, 266, 268, 269, 270, 271, 272, 280, 281, 283, 284,
            285, 286, 287, 288, 289, 292, 293, 295, 296, 299, 300, 302, 303,
            304, 305, 306, 309, 310, 312, 313, 316, 317, 319, 327, 328, 330,
            331, 332, 333, 336, 337, 339, 340
          ],
          "summary": {
            "covered_lines": 119,
            "num_statements": 119,
            "percent_covered": 100.0,
            "percent_covered_display": "100",
            "missing_lines": 0,
            "excluded_lines": 0
          },
          "missing_lines": [],
          "excluded_lines": []
        }
      },
      "classes": {
        "ToolCallRequest": {
          "executed_lines": [],
          "summary": {
            "covered_lines": 0,
            "num_statements": 0,
            "percent_covered": 100.0,
            "percent_covered_display": "100",
            "missing_lines": 0,
            "excluded_lines": 0
          },
          "missing_lines": [],
          "excluded_lines": []
        },
        "ToolCallResponse": {
          "executed_lines": [],
          "summary": {
            "covered_lines": 0,
            "num_statements": 0,
            "percent_covered": 100.0,
            "percent_covered_display": "100",
            "missing_lines": 0,
            "excluded_lines": 0
          },
          "missing_lines": [],
          "excluded_lines": []
        },
        "BatchToolCallRequest": {
          "executed_lines": [],
          "summary": {
            "covered_lines": 0,
            "num_statements": 0,
            "percent_covered": 100.0,
            "percent_covered_display": "100",
            "missing_lines": 0,
            "excluded_lines": 0
          },
          "missing_lines": [],
          "excluded_lines": []
        },
        "ToolListResponse": {
          "executed_lines": [],
          "summary": {
            "covered_lines": 0,
            "num_statements": 0,
            "percent_covered": 100.0,
            "percent_covered_display": "100",
            "missing_lines": 0,
            "excluded_lines": 0
          },
          "missing_lines": [],
          "excluded_lines": []
        },
        "ServiceHealth": {
          "executed_lines": [],
          "summary": {
            "covered_lines": 0,
            "num_statements": 0,
            "percent_covered": 100.0,
            "percent_covered_display": "100",
            "missing_lines": 0,
            "excluded_lines": 0
          },
          "missing_lines": [],
          "excluded_lines": []
        },
        "HealthCheckResponse": {
          "executed_lines": [],
          "summary": {
            "covered_lines": 0,
            "num_statements": 0,
            "percent_covered": 100.0,
            "percent_covered_display": "100",
            "missing_lines": 0,
            "excluded_lines": 0
          },
          "missing_lines": [],
          "excluded_lines": []
        },
        "ErrorResponse": {
          "executed_lines": [],
          "summary": {
            "covered_lines": 0,
            "num_statements": 0,
            "percent_covered": 100.0,
            "percent_covered_display": "100",
            "missing_lines": 0,
            "excluded_lines": 0
          },
          "missing_lines": [],
          "excluded_lines": []
        },
        "QueueItem": {
          "executed_lines": [],
          "summary": {
            "covered_lines": 0,
            "num_statements": 0,
            "percent_covered": 100.0,
            "percent_covered_display": "100",
            "missing_lines": 0,
            "excluded_lines": 0
          },
          "missing_lines": [],
          "excluded_lines": []
        },
        "DownloadQueueResponse": {
          "executed_lines": [],
          "summary": {
            "covered_lines": 0,
            "num_statements": 0,
            "percent_covered": 100.0,
            "percent_covered_display": "100",
            "missing_lines": 0,
            "excluded_lines": 0
          },
          "missing_lines": [],
          "excluded_lines": []
        },
        "RetryDownloadRequest": {
          "executed_lines": [],
          "summary": {
            "covered_lines": 0,
            "num_statements": 0,
            "percent_covered": 100.0,
            "percent_covered_display": "100",
            "missing_lines": 0,
            "excluded_lines": 0
          },
          "missing_lines": [],
          "excluded_lines": []
        },
        "Series": {
          "executed_lines": [],
          "summary": {
            "covered_lines": 0,
            "num_statements": 0,
            "percent_covered": 100.0,
            "percent_covered_display": "100",
            "missing_lines": 0,
            "excluded_lines": 0
          },
          "missing_lines": [],
          "excluded_lines": []
        },
        "SeriesListResponse": {
          "executed_lines": [],
          "summary": {
            "covered_lines": 0,
            "num_statements": 0,
            "percent_covered": 100.0,
            "percent_covered_display": "100",
            "missing_lines": 0,
            "excluded_lines": 0
          },
          "missing_lines": [],
          "excluded_lines": []
        },
        "AddSeriesRequest": {
          "executed_lines": [],
          "summary": {
            "covered_lines": 0,
            "num_statements": 0,
            "percent_covered": 100.0,
            "percent_covered_display": "100",
            "missing_lines": 0,
            "excluded_lines": 0
          },
          "missing_lines": [],
          "excluded_lines": []
        },
        "Movie": {
          "executed_lines": [],
          "summary": {
            "covered_lines": 0,
            "num_statements": 0,
            "percent_covered": 100.0,
            "percent_covered_display": "100",
            "missing_lines": 0,
            "excluded_lines": 0
          },
          "missing_lines": [],
          "excluded_lines": []
        },
        "MovieListResponse": {
          "executed_lines": [],
          "summary": {
            "covered_lines": 0,
            "num_statements": 0,
            "percent_covered": 100.0,
            "percent_covered_display": "100",
            "missing_lines": 0,
            "excluded_lines": 0
          },
          "missing_lines": [],
          "excluded_lines": []
        },
        "AddMovieRequest": {
          "executed_lines": [],
          "summary": {
            "covered_lines": 0,
            "num_statements": 0,
            "percent_covered": 100.0,
            "percent_covered_display": "100",
            "missing_lines": 0,
            "excluded_lines": 0
          },
          "missing_lines": [],
          "excluded_lines": []
        },
        "PlexLibrary": {
          "executed_lines": [],
          "summary": {
            "covered_lines": 0,
            "num_statements": 0,
            "percent_covered": 100.0,
            "percent_covered_display": "100",
            "missing_lines": 0,
            "excluded_lines": 0
          },
          "missing_lines": [],
          "excluded_lines": []
        },
        "LibraryListResponse": {
          "executed_lines": [],
          "summary": {
            "covered_lines": 0,
            "num_statements": 0,
            "percent_covered": 100.0,
            "percent_covered_display": "100",
            "missing_lines": 0,
            "excluded_lines": 0
          },
          "missing_lines": [],
          "excluded_lines": []
        },
        "MediaItem": {
          "executed_lines": [],
          "summary": {
            "covered_lines": 0,
            "num_statements": 0,
            "percent_covered": 100.0,
            "percent_covered_display": "100",
            "missing_lines": 0,
            "excluded_lines": 0
          },
          "missing_lines": [],
          "excluded_lines": []
        },
        "RecentlyAddedResponse": {
          "executed_lines": [],
          "summary": {
            "covered_lines": 0,
            "num_statements": 0,
            "percent_covered": 100.0,
            "percent_covered_display": "100",
            "missing_lines": 0,
            "excluded_lines": 0
          },
          "missing_lines": [],
          "excluded_lines": []
        },
        "ScanLibraryRequest": {
          "executed_lines": [],
          "summary": {
            "covered_lines": 0,
            "num_statements": 0,
            "percent_covered": 100.0,
            "percent_covered_display": "100",
            "missing_lines": 0,
            "excluded_lines": 0
          },
          "missing_lines": [],
          "excluded_lines": []
        },
        "OrchestratorStats": {
          "executed_lines": [],
          "summary": {
            "covered_lines": 0,
            "num_statements": 0,
            "percent_covered": 100.0,
            "percent_covered_display": "100",
            "missing_lines": 0,
            "excluded_lines": 0
          },
          "missing_lines": [],
          "excluded_lines": []
        },
        "StatsResponse": {
          "executed_lines": [],
          "summary": {
            "covered_lines": 0,
            "num_statements": 0,
            "percent_covered": 100.0,
            "percent_covered_display": "100",
            "missing_lines": 0,
            "excluded_lines": 0
          },
          "missing_lines": [],
          "excluded_lines": []
        },
        "": {
          "executed_lines": [
            1, 8, 10, 18, 19, 21, 32, 33, 34, 35, 38, 39, 41, 52, 53, 54, 55,
            58, 59, 61, 73, 74, 77, 78, 80, 91, 99, 100, 102, 114, 115, 116,
            117, 118, 123, 124, 126, 144, 145, 146, 154, 155, 157, 168, 169,
            170, 171, 179, 180, 182, 183, 184, 185, 186, 187, 188, 191, 192,
            194, 195, 196, 197, 200, 201, 203, 211, 212, 214, 215, 216, 217,
            218, 219, 220, 223, 224, 226, 227, 230, 231, 233, 234, 235, 236,
            237, 238, 246, 247, 249, 250, 251, 252, 253, 254, 255, 258, 259,
            261, 262, 265, 266, 268, 269, 270, 271, 272, 280, 281, 283, 284,
            285, 286, 287, 288, 289, 292, 293, 295, 296, 299, 300, 302, 303,
            304, 305, 306, 309, 310, 312, 313, 316, 317, 319, 327, 328, 330,
            331, 332, 333, 336, 337, 339, 340
          ],
          "summary": {
            "covered_lines": 119,
            "num_statements": 119,
            "percent_covered": 100.0,
            "percent_covered_display": "100",
            "missing_lines": 0,
            "excluded_lines": 0
          },
          "missing_lines": [],
          "excluded_lines": []
        }
      }
    },
    "autoarr/api/routers/__init__.py": {
      "executed_lines": [1, 7, 9],
      "summary": {
        "covered_lines": 2,
        "num_statements": 2,
        "percent_covered": 100.0,
        "percent_covered_display": "100",
        "missing_lines": 0,
        "excluded_lines": 0
      },
      "missing_lines": [],
      "excluded_lines": [],
      "functions": {
        "": {
          "executed_lines": [1, 7, 9],
          "summary": {
            "covered_lines": 2,
            "num_statements": 2,
            "percent_covered": 100.0,
            "percent_covered_display": "100",
            "missing_lines": 0,
            "excluded_lines": 0
          },
          "missing_lines": [],
          "excluded_lines": []
        }
      },
      "classes": {
        "": {
          "executed_lines": [1, 7, 9],
          "summary": {
            "covered_lines": 2,
            "num_statements": 2,
            "percent_covered": 100.0,
            "percent_covered_display": "100",
            "missing_lines": 0,
            "excluded_lines": 0
          },
          "missing_lines": [],
          "excluded_lines": []
        }
      }
    },
    "autoarr/api/routers/downloads.py": {
      "executed_lines": [
        1, 7, 9, 10, 12, 14, 17, 18, 40, 41, 44, 45, 71, 72, 94, 95, 98, 99,
        121, 122, 144, 145, 171, 172
      ],
      "summary": {
        "covered_lines": 23,
        "num_statements": 33,
        "percent_covered": 69.6969696969697,
        "percent_covered_display": "70",
        "missing_lines": 10,
        "excluded_lines": 0
      },
      "missing_lines": [67, 68, 117, 118, 140, 141, 167, 168, 194, 195],
      "excluded_lines": [],
      "functions": {
        "get_download_queue": {
          "executed_lines": [40, 41],
          "summary": {
            "covered_lines": 2,
            "num_statements": 2,
            "percent_covered": 100.0,
            "percent_covered_display": "100",
            "missing_lines": 0,
            "excluded_lines": 0
          },
          "missing_lines": [],
          "excluded_lines": []
        },
        "get_download_history": {
          "executed_lines": [],
          "summary": {
            "covered_lines": 0,
            "num_statements": 2,
            "percent_covered": 0.0,
            "percent_covered_display": "0",
            "missing_lines": 2,
            "excluded_lines": 0
          },
          "missing_lines": [67, 68],
          "excluded_lines": []
        },
        "retry_download": {
          "executed_lines": [94, 95],
          "summary": {
            "covered_lines": 2,
            "num_statements": 2,
            "percent_covered": 100.0,
            "percent_covered_display": "100",
            "missing_lines": 0,
            "excluded_lines": 0
          },
          "missing_lines": [],
          "excluded_lines": []
        },
        "pause_queue": {
          "executed_lines": [],
          "summary": {
            "covered_lines": 0,
            "num_statements": 2,
            "percent_covered": 0.0,
            "percent_covered_display": "0",
            "missing_lines": 2,
            "excluded_lines": 0
          },
          "missing_lines": [117, 118],
          "excluded_lines": []
        },
        "resume_queue": {
          "executed_lines": [],
          "summary": {
            "covered_lines": 0,
            "num_statements": 2,
            "percent_covered": 0.0,
            "percent_covered_display": "0",
            "missing_lines": 2,
            "excluded_lines": 0
          },
          "missing_lines": [140, 141],
          "excluded_lines": []
        },
        "delete_download": {
          "executed_lines": [],
          "summary": {
            "covered_lines": 0,
            "num_statements": 2,
            "percent_covered": 0.0,
            "percent_covered_display": "0",
            "missing_lines": 2,
            "excluded_lines": 0
          },
          "missing_lines": [167, 168],
          "excluded_lines": []
        },
        "get_status": {
          "executed_lines": [],
          "summary": {
            "covered_lines": 0,
            "num_statements": 2,
            "percent_covered": 0.0,
            "percent_covered_display": "0",
            "missing_lines": 2,
            "excluded_lines": 0
          },
          "missing_lines": [194, 195],
          "excluded_lines": []
        },
        "": {
          "executed_lines": [
            1, 7, 9, 10, 12, 14, 17, 18, 44, 45, 71, 72, 98, 99, 121, 122, 144,
            145, 171, 172
          ],
          "summary": {
            "covered_lines": 19,
            "num_statements": 19,
            "percent_covered": 100.0,
            "percent_covered_display": "100",
            "missing_lines": 0,
            "excluded_lines": 0
          },
          "missing_lines": [],
          "excluded_lines": []
        }
      },
      "classes": {
        "": {
          "executed_lines": [
            1, 7, 9, 10, 12, 14, 17, 18, 40, 41, 44, 45, 71, 72, 94, 95, 98, 99,
            121, 122, 144, 145, 171, 172
          ],
          "summary": {
            "covered_lines": 23,
            "num_statements": 33,
            "percent_covered": 69.6969696969697,
            "percent_covered_display": "70",
            "missing_lines": 10,
            "excluded_lines": 0
          },
          "missing_lines": [67, 68, 117, 118, 140, 141, 167, 168, 194, 195],
          "excluded_lines": []
        }
      }
    },
    "autoarr/api/routers/health.py": {
      "executed_lines": [
        1, 8, 9, 11, 12, 14, 15, 17, 20, 21, 51, 52, 55, 57, 59, 66, 67, 68, 69,
        72, 74, 82, 83, 86, 87, 88, 89, 93, 100, 101, 132, 133, 134, 140, 141,
        147, 148, 149, 152, 154, 163, 164, 190, 191, 192, 197
      ],
      "summary": {
        "covered_lines": 45,
        "num_statements": 46,
        "percent_covered": 97.82608695652173,
        "percent_covered_display": "98",
        "missing_lines": 1,
        "excluded_lines": 0
      },
      "missing_lines": [91],
      "excluded_lines": [],
      "functions": {
        "health_check": {
          "executed_lines": [
            51, 52, 55, 57, 59, 66, 67, 68, 69, 72, 74, 82, 83, 86, 87, 88, 89,
            93
          ],
          "summary": {
            "covered_lines": 18,
            "num_statements": 19,
            "percent_covered": 94.73684210526316,
            "percent_covered_display": "95",
            "missing_lines": 1,
            "excluded_lines": 0
          },
          "missing_lines": [91],
          "excluded_lines": []
        },
        "service_health": {
          "executed_lines": [132, 133, 134, 140, 141, 147, 148, 149, 152, 154],
          "summary": {
            "covered_lines": 10,
            "num_statements": 10,
            "percent_covered": 100.0,
            "percent_covered_display": "100",
            "missing_lines": 0,
            "excluded_lines": 0
          },
          "missing_lines": [],
          "excluded_lines": []
        },
        "circuit_breaker_status": {
          "executed_lines": [190, 191, 192, 197],
          "summary": {
            "covered_lines": 4,
            "num_statements": 4,
            "percent_covered": 100.0,
            "percent_covered_display": "100",
            "missing_lines": 0,
            "excluded_lines": 0
          },
          "missing_lines": [],
          "excluded_lines": []
        },
        "": {
          "executed_lines": [
            1, 8, 9, 11, 12, 14, 15, 17, 20, 21, 100, 101, 163, 164
          ],
          "summary": {
            "covered_lines": 13,
            "num_statements": 13,
            "percent_covered": 100.0,
            "percent_covered_display": "100",
            "missing_lines": 0,
            "excluded_lines": 0
          },
          "missing_lines": [],
          "excluded_lines": []
        }
      },
      "classes": {
        "": {
          "executed_lines": [
            1, 8, 9, 11, 12, 14, 15, 17, 20, 21, 51, 52, 55, 57, 59, 66, 67, 68,
            69, 72, 74, 82, 83, 86, 87, 88, 89, 93, 100, 101, 132, 133, 134,
            140, 141, 147, 148, 149, 152, 154, 163, 164, 190, 191, 192, 197
          ],
          "summary": {
            "covered_lines": 45,
            "num_statements": 46,
            "percent_covered": 97.82608695652173,
            "percent_covered_display": "98",
            "missing_lines": 1,
            "excluded_lines": 0
          },
          "missing_lines": [91],
          "excluded_lines": []
        }
      }
    },
    "autoarr/api/routers/mcp.py": {
      "executed_lines": [
        1, 8, 10, 11, 13, 14, 21, 24, 25, 65, 67, 76, 77, 85, 95, 96, 107, 108,
        154, 155, 156, 157, 158, 159, 161, 166, 172, 173, 174, 183, 186, 187,
        212, 214, 217, 218, 241, 243, 249, 250, 276, 278
      ],
      "summary": {
        "covered_lines": 41,
        "num_statements": 41,
        "percent_covered": 100.0,
        "percent_covered_display": "100",
        "missing_lines": 0,
        "excluded_lines": 0
      },
      "missing_lines": [],
      "excluded_lines": [],
      "functions": {
        "call_tool": {
          "executed_lines": [65, 67, 76, 77, 85, 95, 96],
          "summary": {
            "covered_lines": 7,
            "num_statements": 7,
            "percent_covered": 100.0,
            "percent_covered_display": "100",
            "missing_lines": 0,
            "excluded_lines": 0
          },
          "missing_lines": [],
          "excluded_lines": []
        },
        "call_tools_batch": {
          "executed_lines": [154, 155, 161, 166, 172, 173, 174, 183],
          "summary": {
            "covered_lines": 8,
            "num_statements": 8,
            "percent_covered": 100.0,
            "percent_covered_display": "100",
            "missing_lines": 0,
            "excluded_lines": 0
          },
          "missing_lines": [],
          "excluded_lines": []
        },
        "call_tools_batch.MCPToolCall.__init__": {
          "executed_lines": [156, 157, 158, 159],
          "summary": {
            "covered_lines": 4,
            "num_statements": 4,
            "percent_covered": 100.0,
            "percent_covered_display": "100",
            "missing_lines": 0,
            "excluded_lines": 0
          },
          "missing_lines": [],
          "excluded_lines": []
        },
        "list_tools": {
          "executed_lines": [212, 214],
          "summary": {
            "covered_lines": 2,
            "num_statements": 2,
            "percent_covered": 100.0,
            "percent_covered_display": "100",
            "missing_lines": 0,
            "excluded_lines": 0
          },
          "missing_lines": [],
          "excluded_lines": []
        },
        "list_server_tools": {
          "executed_lines": [241, 243],
          "summary": {
            "covered_lines": 2,
            "num_statements": 2,
            "percent_covered": 100.0,
            "percent_covered_display": "100",
            "missing_lines": 0,
            "excluded_lines": 0
          },
          "missing_lines": [],
          "excluded_lines": []
        },
        "get_stats": {
          "executed_lines": [276, 278],
          "summary": {
            "covered_lines": 2,
            "num_statements": 2,
            "percent_covered": 100.0,
            "percent_covered_display": "100",
            "missing_lines": 0,
            "excluded_lines": 0
          },
          "missing_lines": [],
          "excluded_lines": []
        },
        "": {
          "executed_lines": [
            1, 8, 10, 11, 13, 14, 21, 24, 25, 107, 108, 186, 187, 217, 218, 249,
            250
          ],
          "summary": {
            "covered_lines": 16,
            "num_statements": 16,
            "percent_covered": 100.0,
            "percent_covered_display": "100",
            "missing_lines": 0,
            "excluded_lines": 0
          },
          "missing_lines": [],
          "excluded_lines": []
        }
      },
      "classes": {
        "call_tools_batch.MCPToolCall": {
          "executed_lines": [156, 157, 158, 159],
          "summary": {
            "covered_lines": 4,
            "num_statements": 4,
            "percent_covered": 100.0,
            "percent_covered_display": "100",
            "missing_lines": 0,
            "excluded_lines": 0
          },
          "missing_lines": [],
          "excluded_lines": []
        },
        "": {
          "executed_lines": [
            1, 8, 10, 11, 13, 14, 21, 24, 25, 65, 67, 76, 77, 85, 95, 96, 107,
            108, 154, 155, 161, 166, 172, 173, 174, 183, 186, 187, 212, 214,
            217, 218, 241, 243, 249, 250, 276, 278
          ],
          "summary": {
            "covered_lines": 37,
            "num_statements": 37,
            "percent_covered": 100.0,
            "percent_covered_display": "100",
            "missing_lines": 0,
            "excluded_lines": 0
          },
          "missing_lines": [],
          "excluded_lines": []
        }
      }
    },
    "autoarr/api/routers/media.py": {
      "executed_lines": [
        1, 7, 9, 10, 12, 13, 15, 18, 19, 47, 50, 51, 55, 56, 85, 86, 116, 119,
        120, 124, 125, 155, 158, 161, 162, 189, 190, 219, 220, 223, 224, 227,
        228, 255, 256, 284, 287, 288, 292, 293, 318, 319
      ],
      "summary": {
        "covered_lines": 41,
        "num_statements": 57,
        "percent_covered": 71.9298245614035,
        "percent_covered_display": "72",
        "missing_lines": 16,
        "excluded_lines": 6
      },
      "missing_lines": [
        52, 81, 82, 121, 185, 186, 221, 247, 250, 251, 252, 289, 314, 315, 342,
        343
      ],
      "excluded_lines": [22, 60, 90, 195, 259, 296],
      "functions": {
        "list_libraries": {
          "executed_lines": [47, 50, 51],
          "summary": {
            "covered_lines": 3,
            "num_statements": 4,
            "percent_covered": 75.0,
            "percent_covered_display": "75",
            "missing_lines": 1,
            "excluded_lines": 1
          },
          "missing_lines": [52],
          "excluded_lines": [22]
        },
        "get_library": {
          "executed_lines": [],
          "summary": {
            "covered_lines": 0,
            "num_statements": 2,
            "percent_covered": 0.0,
            "percent_covered_display": "0",
            "missing_lines": 2,
            "excluded_lines": 1
          },
          "missing_lines": [81, 82],
          "excluded_lines": [60]
        },
        "get_recently_added": {
          "executed_lines": [116, 119, 120],
          "summary": {
            "covered_lines": 3,
            "num_statements": 4,
            "percent_covered": 75.0,
            "percent_covered_display": "75",
            "missing_lines": 1,
            "excluded_lines": 1
          },
          "missing_lines": [121],
          "excluded_lines": [90]
        },
        "scan_library": {
          "executed_lines": [155, 158],
          "summary": {
            "covered_lines": 2,
            "num_statements": 2,
            "percent_covered": 100.0,
            "percent_covered_display": "100",
            "missing_lines": 0,
            "excluded_lines": 0
          },
          "missing_lines": [],
          "excluded_lines": []
        },
        "refresh_metadata": {
          "executed_lines": [],
          "summary": {
            "covered_lines": 0,
            "num_statements": 2,
            "percent_covered": 0.0,
            "percent_covered_display": "0",
            "missing_lines": 2,
            "excluded_lines": 0
          },
          "missing_lines": [185, 186],
          "excluded_lines": []
        },
        "search_media": {
          "executed_lines": [219, 220, 223, 224],
          "summary": {
            "covered_lines": 4,
            "num_statements": 5,
            "percent_covered": 80.0,
            "percent_covered_display": "80",
            "missing_lines": 1,
            "excluded_lines": 1
          },
          "missing_lines": [221],
          "excluded_lines": [195]
        },
        "get_on_deck": {
          "executed_lines": [],
          "summary": {
            "covered_lines": 0,
            "num_statements": 4,
            "percent_covered": 0.0,
            "percent_covered_display": "0",
            "missing_lines": 4,
            "excluded_lines": 0
          },
          "missing_lines": [247, 250, 251, 252],
          "excluded_lines": []
        },
        "get_sessions": {
          "executed_lines": [284, 287, 288],
          "summary": {
            "covered_lines": 3,
            "num_statements": 4,
            "percent_covered": 75.0,
            "percent_covered_display": "75",
            "missing_lines": 1,
            "excluded_lines": 1
          },
          "missing_lines": [289],
          "excluded_lines": [259]
        },
        "get_server_status": {
          "executed_lines": [],
          "summary": {
            "covered_lines": 0,
            "num_statements": 2,
            "percent_covered": 0.0,
            "percent_covered_display": "0",
            "missing_lines": 2,
            "excluded_lines": 1
          },
          "missing_lines": [314, 315],
          "excluded_lines": [296]
        },
        "optimize_item": {
          "executed_lines": [],
          "summary": {
            "covered_lines": 0,
            "num_statements": 2,
            "percent_covered": 0.0,
            "percent_covered_display": "0",
            "missing_lines": 2,
            "excluded_lines": 0
          },
          "missing_lines": [342, 343],
          "excluded_lines": []
        },
        "": {
          "executed_lines": [
            1, 7, 9, 10, 12, 13, 15, 18, 19, 55, 56, 85, 86, 124, 125, 161, 162,
            189, 190, 227, 228, 255, 256, 292, 293, 318, 319
          ],
          "summary": {
            "covered_lines": 26,
            "num_statements": 26,
            "percent_covered": 100.0,
            "percent_covered_display": "100",
            "missing_lines": 0,
            "excluded_lines": 0
          },
          "missing_lines": [],
          "excluded_lines": []
        }
      },
      "classes": {
        "": {
          "executed_lines": [
            1, 7, 9, 10, 12, 13, 15, 18, 19, 47, 50, 51, 55, 56, 85, 86, 116,
            119, 120, 124, 125, 155, 158, 161, 162, 189, 190, 219, 220, 223,
            224, 227, 228, 255, 256, 284, 287, 288, 292, 293, 318, 319
          ],
          "summary": {
            "covered_lines": 41,
            "num_statements": 57,
            "percent_covered": 71.9298245614035,
            "percent_covered_display": "72",
            "missing_lines": 16,
            "excluded_lines": 6
          },
          "missing_lines": [
            52, 81, 82, 121, 185, 186, 221, 247, 250, 251, 252, 289, 314, 315,
            342, 343
          ],
          "excluded_lines": [22, 60, 90, 195, 259, 296]
        }
      }
    },
    "autoarr/api/routers/movies.py": {
      "executed_lines": [
        1, 7, 9, 10, 12, 13, 15, 18, 19, 40, 43, 44, 48, 49, 78, 79, 105, 106,
        109, 110, 135, 138, 141, 142, 169, 170, 173, 174, 212, 213, 242, 243,
        270, 271, 298, 299
      ],
      "summary": {
        "covered_lines": 35,
        "num_statements": 57,
        "percent_covered": 61.40350877192982,
        "percent_covered_display": "61",
        "missing_lines": 22,
        "excluded_lines": 3
      },
      "missing_lines": [
        45, 74, 75, 202, 203, 204, 205, 206, 208, 209, 234, 237, 238, 239, 266,
        267, 294, 295, 318, 321, 322, 323
      ],
      "excluded_lines": [53, 146, 179],
      "functions": {
        "list_movies": {
          "executed_lines": [40, 43, 44],
          "summary": {
            "covered_lines": 3,
            "num_statements": 4,
            "percent_covered": 75.0,
            "percent_covered_display": "75",
            "missing_lines": 1,
            "excluded_lines": 0
          },
          "missing_lines": [45],
          "excluded_lines": []
        },
        "get_movie": {
          "executed_lines": [],
          "summary": {
            "covered_lines": 0,
            "num_statements": 2,
            "percent_covered": 0.0,
            "percent_covered_display": "0",
            "missing_lines": 2,
            "excluded_lines": 1
          },
          "missing_lines": [74, 75],
          "excluded_lines": [53]
        },
        "add_movie": {
          "executed_lines": [105, 106],
          "summary": {
            "covered_lines": 2,
            "num_statements": 2,
            "percent_covered": 100.0,
            "percent_covered_display": "100",
            "missing_lines": 0,
            "excluded_lines": 0
          },
          "missing_lines": [],
          "excluded_lines": []
        },
        "delete_movie": {
          "executed_lines": [135, 138],
          "summary": {
            "covered_lines": 2,
            "num_statements": 2,
            "percent_covered": 100.0,
            "percent_covered_display": "100",
            "missing_lines": 0,
            "excluded_lines": 0
          },
          "missing_lines": [],
          "excluded_lines": []
        },
        "search_movies": {
          "executed_lines": [169, 170],
          "summary": {
            "covered_lines": 2,
            "num_statements": 2,
            "percent_covered": 100.0,
            "percent_covered_display": "100",
            "missing_lines": 0,
            "excluded_lines": 1
          },
          "missing_lines": [],
          "excluded_lines": [146]
        },
        "get_calendar": {
          "executed_lines": [],
          "summary": {
            "covered_lines": 0,
            "num_statements": 7,
            "percent_covered": 0.0,
            "percent_covered_display": "0",
            "missing_lines": 7,
            "excluded_lines": 1
          },
          "missing_lines": [202, 203, 204, 205, 206, 208, 209],
          "excluded_lines": [179]
        },
        "get_queue": {
          "executed_lines": [],
          "summary": {
            "covered_lines": 0,
            "num_statements": 4,
            "percent_covered": 0.0,
            "percent_covered_display": "0",
            "missing_lines": 4,
            "excluded_lines": 0
          },
          "missing_lines": [234, 237, 238, 239],
          "excluded_lines": []
        },
        "search_movie": {
          "executed_lines": [],
          "summary": {
            "covered_lines": 0,
            "num_statements": 2,
            "percent_covered": 0.0,
            "percent_covered_display": "0",
            "missing_lines": 2,
            "excluded_lines": 0
          },
          "missing_lines": [266, 267],
          "excluded_lines": []
        },
        "refresh_movie": {
          "executed_lines": [],
          "summary": {
            "covered_lines": 0,
            "num_statements": 2,
            "percent_covered": 0.0,
            "percent_covered_display": "0",
            "missing_lines": 2,
            "excluded_lines": 0
          },
          "missing_lines": [294, 295],
          "excluded_lines": []
        },
        "get_missing_movies": {
          "executed_lines": [],
          "summary": {
            "covered_lines": 0,
            "num_statements": 4,
            "percent_covered": 0.0,
            "percent_covered_display": "0",
            "missing_lines": 4,
            "excluded_lines": 0
          },
          "missing_lines": [318, 321, 322, 323],
          "excluded_lines": []
        },
        "": {
          "executed_lines": [
            1, 7, 9, 10, 12, 13, 15, 18, 19, 48, 49, 78, 79, 109, 110, 141, 142,
            173, 174, 212, 213, 242, 243, 270, 271, 298, 299
          ],
          "summary": {
            "covered_lines": 26,
            "num_statements": 26,
            "percent_covered": 100.0,
            "percent_covered_display": "100",
            "missing_lines": 0,
            "excluded_lines": 0
          },
          "missing_lines": [],
          "excluded_lines": []
        }
      },
      "classes": {
        "": {
          "executed_lines": [
            1, 7, 9, 10, 12, 13, 15, 18, 19, 40, 43, 44, 48, 49, 78, 79, 105,
            106, 109, 110, 135, 138, 141, 142, 169, 170, 173, 174, 212, 213,
            242, 243, 270, 271, 298, 299
          ],
          "summary": {
            "covered_lines": 35,
            "num_statements": 57,
            "percent_covered": 61.40350877192982,
            "percent_covered_display": "61",
            "missing_lines": 22,
            "excluded_lines": 3
          },
          "missing_lines": [
            45, 74, 75, 202, 203, 204, 205, 206, 208, 209, 234, 237, 238, 239,
            266, 267, 294, 295, 318, 321, 322, 323
          ],
          "excluded_lines": [53, 146, 179]
        }
      }
    },
    "autoarr/api/routers/settings.py": {
      "executed_lines": [
        1, 8, 9, 11, 12, 14, 15, 16, 18, 20, 28, 30, 31, 33, 34, 45, 46, 48, 49,
        50, 51, 54, 55, 57, 58, 59, 60, 61, 62, 65, 66, 68, 69, 70, 71, 74, 75,
        77, 78, 79, 80, 83, 84, 86, 87, 88, 91, 92, 94, 95, 96, 104, 114, 115,
        116, 119, 130, 131, 132, 134, 137, 148, 149, 158, 161, 164, 165, 166,
        167, 168, 171, 178, 185, 192, 197, 198, 199, 200, 202, 250, 251, 258,
        259, 261, 262, 263, 270, 279, 288, 298, 309, 310, 325, 328, 329, 335,
        336, 343, 344, 345, 346, 352, 353, 354, 355, 356, 357, 375, 376, 377,
        378, 388, 395, 396, 492, 493, 506, 507, 510, 516, 517, 518, 525, 526,
        527, 528, 531, 532, 533, 534, 535, 537, 538, 539, 540, 541, 543, 549,
        556, 557, 563, 564, 565, 566, 571, 572, 579, 585, 586
      ],
      "summary": {
        "covered_lines": 142,
        "num_statements": 219,
        "percent_covered": 64.84018264840182,
        "percent_covered_display": "65",
        "missing_lines": 77,
        "excluded_lines": 0
      },
      "missing_lines": [
        32, 135, 138, 139, 140, 271, 272, 280, 281, 289, 290, 358, 359, 360,
        361, 362, 363, 364, 365, 366, 367, 368, 369, 370, 371, 372, 380, 381,
        382, 383, 406, 408, 410, 411, 413, 419, 420, 426, 427, 429, 435, 436,
        442, 443, 445, 451, 452, 458, 459, 461, 467, 468, 478, 483, 484, 485,
        544, 545, 546, 547, 550, 551, 552, 553, 567, 568, 569, 592, 594, 595,
        629, 630, 632, 633, 638, 639, 640
      ],
      "excluded_lines": [],
      "functions": {
        "get_settings_repo": {
          "executed_lines": [30, 31, 33, 34],
          "summary": {
            "covered_lines": 4,
            "num_statements": 5,
            "percent_covered": 80.0,
            "percent_covered_display": "80",
            "missing_lines": 1,
            "excluded_lines": 0
          },
          "missing_lines": [32],
          "excluded_lines": []
        },
        "mask_api_key": {
          "executed_lines": [114, 115, 116],
          "summary": {
            "covered_lines": 3,
            "num_statements": 3,
            "percent_covered": 100.0,
            "percent_covered_display": "100",
            "missing_lines": 0,
            "excluded_lines": 0
          },
          "missing_lines": [],
          "excluded_lines": []
        },
        "get_service_status": {
          "executed_lines": [130, 131, 132, 134, 137],
          "summary": {
            "covered_lines": 5,
            "num_statements": 9,
            "percent_covered": 55.55555555555556,
            "percent_covered_display": "56",
            "missing_lines": 4,
            "excluded_lines": 0
          },
          "missing_lines": [135, 138, 139, 140],
          "excluded_lines": []
        },
        "get_all_settings": {
          "executed_lines": [
            158, 161, 164, 171, 178, 185, 192, 197, 198, 199, 200, 202
          ],
          "summary": {
            "covered_lines": 12,
            "num_statements": 12,
            "percent_covered": 100.0,
            "percent_covered_display": "100",
            "missing_lines": 0,
            "excluded_lines": 0
          },
          "missing_lines": [],
          "excluded_lines": []
        },
        "get_all_settings.get_setting": {
          "executed_lines": [165, 166, 167, 168],
          "summary": {
            "covered_lines": 4,
            "num_statements": 4,
            "percent_covered": 100.0,
            "percent_covered_display": "100",
            "missing_lines": 0,
            "excluded_lines": 0
          },
          "missing_lines": [],
          "excluded_lines": []
        },
        "get_service_settings": {
          "executed_lines": [258, 259, 261, 262, 263, 270, 279, 288, 298],
          "summary": {
            "covered_lines": 9,
            "num_statements": 15,
            "percent_covered": 60.0,
            "percent_covered_display": "60",
            "missing_lines": 6,
            "excluded_lines": 0
          },
          "missing_lines": [271, 272, 280, 281, 289, 290],
          "excluded_lines": []
        },
        "update_service_settings": {
          "executed_lines": [
            325, 328, 329, 335, 336, 343, 344, 345, 346, 352, 353, 354, 355,
            356, 357, 375, 376, 377, 378, 388
          ],
          "summary": {
            "covered_lines": 20,
            "num_statements": 39,
            "percent_covered": 51.282051282051285,
            "percent_covered_display": "51",
            "missing_lines": 19,
            "excluded_lines": 0
          },
          "missing_lines": [
            358, 359, 360, 361, 362, 363, 364, 365, 366, 367, 368, 369, 370,
            371, 372, 380, 381, 382, 383
          ],
          "excluded_lines": []
        },
        "test_service_connection": {
          "executed_lines": [],
          "summary": {
            "covered_lines": 0,
            "num_statements": 26,
            "percent_covered": 0.0,
            "percent_covered_display": "0",
            "missing_lines": 26,
            "excluded_lines": 0
          },
          "missing_lines": [
            406, 408, 410, 411, 413, 419, 420, 426, 427, 429, 435, 436, 442,
            443, 445, 451, 452, 458, 459, 461, 467, 468, 478, 483, 484, 485
          ],
          "excluded_lines": []
        },
        "save_all_settings": {
          "executed_lines": [
            506, 507, 510, 516, 517, 518, 525, 526, 527, 528, 531, 532, 533,
            534, 535, 537, 538, 539, 540, 541, 543, 549, 556, 557, 563, 564,
            565, 566, 571, 572, 579
          ],
          "summary": {
            "covered_lines": 31,
            "num_statements": 42,
            "percent_covered": 73.80952380952381,
            "percent_covered_display": "74",
            "missing_lines": 11,
            "excluded_lines": 0
          },
          "missing_lines": [
            544, 545, 546, 547, 550, 551, 552, 553, 567, 568, 569
          ],
          "excluded_lines": []
        },
        "save_settings_to_env": {
          "executed_lines": [],
          "summary": {
            "covered_lines": 0,
            "num_statements": 10,
            "percent_covered": 0.0,
            "percent_covered_display": "0",
            "missing_lines": 10,
            "excluded_lines": 0
          },
          "missing_lines": [592, 594, 595, 629, 630, 632, 633, 638, 639, 640],
          "excluded_lines": []
        },
        "": {
          "executed_lines": [
            1, 8, 9, 11, 12, 14, 15, 16, 18, 20, 28, 45, 46, 48, 49, 50, 51, 54,
            55, 57, 58, 59, 60, 61, 62, 65, 66, 68, 69, 70, 71, 74, 75, 77, 78,
            79, 80, 83, 84, 86, 87, 88, 91, 92, 94, 95, 96, 104, 119, 148, 149,
            250, 251, 309, 310, 395, 396, 492, 493, 585, 586
          ],
          "summary": {
            "covered_lines": 54,
            "num_statements": 54,
            "percent_covered": 100.0,
            "percent_covered_display": "100",
            "missing_lines": 0,
            "excluded_lines": 0
          },
          "missing_lines": [],
          "excluded_lines": []
        }
      },
      "classes": {
        "ServiceConnectionConfig": {
          "executed_lines": [],
          "summary": {
            "covered_lines": 0,
            "num_statements": 0,
            "percent_covered": 100.0,
            "percent_covered_display": "100",
            "missing_lines": 0,
            "excluded_lines": 0
          },
          "missing_lines": [],
          "excluded_lines": []
        },
        "ServiceConnectionConfigResponse": {
          "executed_lines": [],
          "summary": {
            "covered_lines": 0,
            "num_statements": 0,
            "percent_covered": 100.0,
            "percent_covered_display": "100",
            "missing_lines": 0,
            "excluded_lines": 0
          },
          "missing_lines": [],
          "excluded_lines": []
        },
        "AllServicesConfig": {
          "executed_lines": [],
          "summary": {
            "covered_lines": 0,
            "num_statements": 0,
            "percent_covered": 100.0,
            "percent_covered_display": "100",
            "missing_lines": 0,
            "excluded_lines": 0
          },
          "missing_lines": [],
          "excluded_lines": []
        },
        "AllServicesConfigResponse": {
          "executed_lines": [],
          "summary": {
            "covered_lines": 0,
            "num_statements": 0,
            "percent_covered": 100.0,
            "percent_covered_display": "100",
            "missing_lines": 0,
            "excluded_lines": 0
          },
          "missing_lines": [],
          "excluded_lines": []
        },
        "TestConnectionRequest": {
          "executed_lines": [],
          "summary": {
            "covered_lines": 0,
            "num_statements": 0,
            "percent_covered": 100.0,
            "percent_covered_display": "100",
            "missing_lines": 0,
            "excluded_lines": 0
          },
          "missing_lines": [],
          "excluded_lines": []
        },
        "TestConnectionResponse": {
          "executed_lines": [],
          "summary": {
            "covered_lines": 0,
            "num_statements": 0,
            "percent_covered": 100.0,
            "percent_covered_display": "100",
            "missing_lines": 0,
            "excluded_lines": 0
          },
          "missing_lines": [],
          "excluded_lines": []
        },
        "": {
          "executed_lines": [
            1, 8, 9, 11, 12, 14, 15, 16, 18, 20, 28, 30, 31, 33, 34, 45, 46, 48,
            49, 50, 51, 54, 55, 57, 58, 59, 60, 61, 62, 65, 66, 68, 69, 70, 71,
            74, 75, 77, 78, 79, 80, 83, 84, 86, 87, 88, 91, 92, 94, 95, 96, 104,
            114, 115, 116, 119, 130, 131, 132, 134, 137, 148, 149, 158, 161,
            164, 165, 166, 167, 168, 171, 178, 185, 192, 197, 198, 199, 200,
            202, 250, 251, 258, 259, 261, 262, 263, 270, 279, 288, 298, 309,
            310, 325, 328, 329, 335, 336, 343, 344, 345, 346, 352, 353, 354,
            355, 356, 357, 375, 376, 377, 378, 388, 395, 396, 492, 493, 506,
            507, 510, 516, 517, 518, 525, 526, 527, 528, 531, 532, 533, 534,
            535, 537, 538, 539, 540, 541, 543, 549, 556, 557, 563, 564, 565,
            566, 571, 572, 579, 585, 586
          ],
          "summary": {
            "covered_lines": 142,
            "num_statements": 219,
            "percent_covered": 64.84018264840182,
            "percent_covered_display": "65",
            "missing_lines": 77,
            "excluded_lines": 0
          },
          "missing_lines": [
            32, 135, 138, 139, 140, 271, 272, 280, 281, 289, 290, 358, 359, 360,
            361, 362, 363, 364, 365, 366, 367, 368, 369, 370, 371, 372, 380,
            381, 382, 383, 406, 408, 410, 411, 413, 419, 420, 426, 427, 429,
            435, 436, 442, 443, 445, 451, 452, 458, 459, 461, 467, 468, 478,
            483, 484, 485, 544, 545, 546, 547, 550, 551, 552, 553, 567, 568,
            569, 592, 594, 595, 629, 630, 632, 633, 638, 639, 640
          ],
          "excluded_lines": []
        }
      }
    },
    "autoarr/api/routers/shows.py": {
      "executed_lines": [
        1, 7, 9, 10, 12, 13, 15, 18, 19, 39, 42, 43, 47, 48, 76, 77, 103, 104,
        107, 108, 132, 135, 138, 139, 165, 166, 169, 170, 208, 209, 237, 238,
        266, 267
      ],
      "summary": {
        "covered_lines": 33,
        "num_statements": 51,
        "percent_covered": 64.70588235294117,
        "percent_covered_display": "65",
        "missing_lines": 18,
        "excluded_lines": 3
      },
      "missing_lines": [
        44, 72, 73, 198, 199, 200, 201, 202, 204, 205, 229, 232, 233, 234, 260,
        263, 289, 292
      ],
      "excluded_lines": [52, 143, 175],
      "functions": {
        "list_shows": {
          "executed_lines": [39, 42, 43],
          "summary": {
            "covered_lines": 3,
            "num_statements": 4,
            "percent_covered": 75.0,
            "percent_covered_display": "75",
            "missing_lines": 1,
            "excluded_lines": 0
          },
          "missing_lines": [44],
          "excluded_lines": []
        },
        "get_show": {
          "executed_lines": [],
          "summary": {
            "covered_lines": 0,
            "num_statements": 2,
            "percent_covered": 0.0,
            "percent_covered_display": "0",
            "missing_lines": 2,
            "excluded_lines": 1
          },
          "missing_lines": [72, 73],
          "excluded_lines": [52]
        },
        "add_show": {
          "executed_lines": [103, 104],
          "summary": {
            "covered_lines": 2,
            "num_statements": 2,
            "percent_covered": 100.0,
            "percent_covered_display": "100",
            "missing_lines": 0,
            "excluded_lines": 0
          },
          "missing_lines": [],
          "excluded_lines": []
        },
        "delete_show": {
          "executed_lines": [132, 135],
          "summary": {
            "covered_lines": 2,
            "num_statements": 2,
            "percent_covered": 100.0,
            "percent_covered_display": "100",
            "missing_lines": 0,
            "excluded_lines": 0
          },
          "missing_lines": [],
          "excluded_lines": []
        },
        "search_shows": {
          "executed_lines": [165, 166],
          "summary": {
            "covered_lines": 2,
            "num_statements": 2,
            "percent_covered": 100.0,
            "percent_covered_display": "100",
            "missing_lines": 0,
            "excluded_lines": 1
          },
          "missing_lines": [],
          "excluded_lines": [143]
        },
        "get_calendar": {
          "executed_lines": [],
          "summary": {
            "covered_lines": 0,
            "num_statements": 7,
            "percent_covered": 0.0,
            "percent_covered_display": "0",
            "missing_lines": 7,
            "excluded_lines": 1
          },
          "missing_lines": [198, 199, 200, 201, 202, 204, 205],
          "excluded_lines": [175]
        },
        "get_queue": {
          "executed_lines": [],
          "summary": {
            "covered_lines": 0,
            "num_statements": 4,
            "percent_covered": 0.0,
            "percent_covered_display": "0",
            "missing_lines": 4,
            "excluded_lines": 0
          },
          "missing_lines": [229, 232, 233, 234],
          "excluded_lines": []
        },
        "search_series_episodes": {
          "executed_lines": [],
          "summary": {
            "covered_lines": 0,
            "num_statements": 2,
            "percent_covered": 0.0,
            "percent_covered_display": "0",
            "missing_lines": 2,
            "excluded_lines": 0
          },
          "missing_lines": [260, 263],
          "excluded_lines": []
        },
        "search_episode": {
          "executed_lines": [],
          "summary": {
            "covered_lines": 0,
            "num_statements": 2,
            "percent_covered": 0.0,
            "percent_covered_display": "0",
            "missing_lines": 2,
            "excluded_lines": 0
          },
          "missing_lines": [289, 292],
          "excluded_lines": []
        },
        "": {
          "executed_lines": [
            1, 7, 9, 10, 12, 13, 15, 18, 19, 47, 48, 76, 77, 107, 108, 138, 139,
            169, 170, 208, 209, 237, 238, 266, 267
          ],
          "summary": {
            "covered_lines": 24,
            "num_statements": 24,
            "percent_covered": 100.0,
            "percent_covered_display": "100",
            "missing_lines": 0,
            "excluded_lines": 0
          },
          "missing_lines": [],
          "excluded_lines": []
        }
      },
      "classes": {
        "": {
          "executed_lines": [
            1, 7, 9, 10, 12, 13, 15, 18, 19, 39, 42, 43, 47, 48, 76, 77, 103,
            104, 107, 108, 132, 135, 138, 139, 165, 166, 169, 170, 208, 209,
            237, 238, 266, 267
          ],
          "summary": {
            "covered_lines": 33,
            "num_statements": 51,
            "percent_covered": 64.70588235294117,
            "percent_covered_display": "65",
            "missing_lines": 18,
            "excluded_lines": 3
          },
          "missing_lines": [
            44, 72, 73, 198, 199, 200, 201, 202, 204, 205, 229, 232, 233, 234,
            260, 263, 289, 292
          ],
          "excluded_lines": [52, 143, 175]
        }
      }
    },
    "autoarr/mcp_servers/__init__.py": {
      "executed_lines": [],
      "summary": {
        "covered_lines": 0,
        "num_statements": 0,
        "percent_covered": 100.0,
        "percent_covered_display": "100",
        "missing_lines": 0,
        "excluded_lines": 0
      },
      "missing_lines": [],
      "excluded_lines": [],
      "functions": {
        "": {
          "executed_lines": [],
          "summary": {
            "covered_lines": 0,
            "num_statements": 0,
            "percent_covered": 100.0,
            "percent_covered_display": "100",
            "missing_lines": 0,
            "excluded_lines": 0
          },
          "missing_lines": [],
          "excluded_lines": []
        }
      },
      "classes": {
        "": {
          "executed_lines": [],
          "summary": {
            "covered_lines": 0,
            "num_statements": 0,
            "percent_covered": 100.0,
            "percent_covered_display": "100",
            "missing_lines": 0,
            "excluded_lines": 0
          },
          "missing_lines": [],
          "excluded_lines": []
        }
      }
    },
    "autoarr/mcp_servers/mcp_servers/__init__.py": {
      "executed_lines": [],
      "summary": {
        "covered_lines": 0,
        "num_statements": 0,
        "percent_covered": 100.0,
        "percent_covered_display": "100",
        "missing_lines": 0,
        "excluded_lines": 0
      },
      "missing_lines": [],
      "excluded_lines": [],
      "functions": {
        "": {
          "executed_lines": [],
          "summary": {
            "covered_lines": 0,
            "num_statements": 0,
            "percent_covered": 100.0,
            "percent_covered_display": "100",
            "missing_lines": 0,
            "excluded_lines": 0
          },
          "missing_lines": [],
          "excluded_lines": []
        }
      },
      "classes": {
        "": {
          "executed_lines": [],
          "summary": {
            "covered_lines": 0,
            "num_statements": 0,
            "percent_covered": 100.0,
            "percent_covered_display": "100",
            "missing_lines": 0,
            "excluded_lines": 0
          },
          "missing_lines": [],
          "excluded_lines": []
        }
      }
    },
    "autoarr/mcp_servers/mcp_servers/plex/__init__.py": {
      "executed_lines": [],
[...]
          "executed_lines": [],
          "summary": {
            "covered_lines": 0,
            "num_statements": 4,
            "percent_covered": 0.0,
            "percent_covered_display": "0",
            "missing_lines": 4,
            "excluded_lines": 0
          },
          "missing_lines": [238, 240, 244, 245],
          "excluded_lines": []
        },
        "TestSonarrMCPServerSeriesOperations.test_get_series_by_id_validates_series_id": {
          "executed_lines": [],
          "summary": {
            "covered_lines": 0,
            "num_statements": 5,
            "percent_covered": 0.0,
            "percent_covered_display": "0",
            "missing_lines": 5,
            "excluded_lines": 0
          },
          "missing_lines": [252, 254, 256, 257, 258],
          "excluded_lines": []
        },
        "TestSonarrMCPServerSeriesOperations.test_add_series_sends_correct_data": {
          "executed_lines": [],
          "summary": {
            "covered_lines": 0,
            "num_statements": 12,
            "percent_covered": 0.0,
            "percent_covered_display": "0",
            "missing_lines": 12,
            "excluded_lines": 0
          },
          "missing_lines": [
            265, 267, 276, 279, 280, 282, 283, 284, 285, 286, 287, 288
          ],
          "excluded_lines": []
        },
        "TestSonarrMCPServerSeriesOperations.test_search_series_validates_term": {
          "executed_lines": [],
          "summary": {
            "covered_lines": 0,
            "num_statements": 5,
            "percent_covered": 0.0,
            "percent_covered_display": "0",
            "missing_lines": 5,
            "excluded_lines": 0
          },
          "missing_lines": [294, 296, 297, 298, 299],
          "excluded_lines": []
        },
        "TestSonarrMCPServerSeriesOperations.test_search_series_calls_client": {
          "executed_lines": [],
          "summary": {
            "covered_lines": 0,
            "num_statements": 4,
            "percent_covered": 0.0,
            "percent_covered_display": "0",
            "missing_lines": 4,
            "excluded_lines": 0
          },
          "missing_lines": [306, 308, 312, 313],
          "excluded_lines": []
        },
        "TestSonarrMCPServerSeriesOperations.test_delete_series_validates_series_id": {
          "executed_lines": [],
          "summary": {
            "covered_lines": 0,
            "num_statements": 5,
            "percent_covered": 0.0,
            "percent_covered_display": "0",
            "missing_lines": 5,
            "excluded_lines": 0
          },
          "missing_lines": [320, 322, 323, 324, 325],
          "excluded_lines": []
        },
        "TestSonarrMCPServerSeriesOperations.test_delete_series_with_files": {
          "executed_lines": [],
          "summary": {
            "covered_lines": 0,
            "num_statements": 3,
            "percent_covered": 0.0,
            "percent_covered_display": "0",
            "missing_lines": 3,
            "excluded_lines": 0
          },
          "missing_lines": [332, 334, 339],
          "excluded_lines": []
        },
        "TestSonarrMCPServerEpisodeOperations.test_get_episodes_requires_series_id": {
          "executed_lines": [],
          "summary": {
            "covered_lines": 0,
            "num_statements": 5,
            "percent_covered": 0.0,
            "percent_covered_display": "0",
            "missing_lines": 5,
            "excluded_lines": 0
          },
          "missing_lines": [355, 357, 358, 359, 360],
          "excluded_lines": []
        },
        "TestSonarrMCPServerEpisodeOperations.test_get_episodes_calls_client": {
          "executed_lines": [],
          "summary": {
            "covered_lines": 0,
            "num_statements": 4,
            "percent_covered": 0.0,
            "percent_covered_display": "0",
            "missing_lines": 4,
            "excluded_lines": 0
          },
          "missing_lines": [367, 369, 373, 376],
          "excluded_lines": []
        },
        "TestSonarrMCPServerEpisodeOperations.test_get_episodes_with_season_filter": {
          "executed_lines": [],
          "summary": {
            "covered_lines": 0,
            "num_statements": 3,
            "percent_covered": 0.0,
            "percent_covered_display": "0",
            "missing_lines": 3,
            "excluded_lines": 0
          },
          "missing_lines": [383, 385, 389],
          "excluded_lines": []
        },
        "TestSonarrMCPServerEpisodeOperations.test_search_episode_requires_episode_id": {
          "executed_lines": [],
          "summary": {
            "covered_lines": 0,
            "num_statements": 5,
            "percent_covered": 0.0,
            "percent_covered_display": "0",
            "missing_lines": 5,
            "excluded_lines": 0
          },
          "missing_lines": [398, 400, 401, 402, 403],
          "excluded_lines": []
        },
        "TestSonarrMCPServerEpisodeOperations.test_search_episode_triggers_search": {
          "executed_lines": [],
          "summary": {
            "covered_lines": 0,
            "num_statements": 4,
            "percent_covered": 0.0,
            "percent_covered_display": "0",
            "missing_lines": 4,
            "excluded_lines": 0
          },
          "missing_lines": [410, 416, 420, 421],
          "excluded_lines": []
        },
        "TestSonarrMCPServerQueueCalendarWanted.test_get_queue_returns_queue_data": {
          "executed_lines": [],
          "summary": {
            "covered_lines": 0,
            "num_statements": 5,
            "percent_covered": 0.0,
            "percent_covered_display": "0",
            "missing_lines": 5,
            "excluded_lines": 0
          },
          "missing_lines": [437, 443, 445, 447, 448],
          "excluded_lines": []
        },
        "TestSonarrMCPServerQueueCalendarWanted.test_get_queue_with_pagination": {
          "executed_lines": [],
          "summary": {
            "covered_lines": 0,
            "num_statements": 3,
            "percent_covered": 0.0,
            "percent_covered_display": "0",
            "missing_lines": 3,
            "excluded_lines": 0
          },
          "missing_lines": [455, 457, 461],
          "excluded_lines": []
        },
        "TestSonarrMCPServerQueueCalendarWanted.test_get_calendar_returns_upcoming_episodes": {
          "executed_lines": [],
          "summary": {
            "covered_lines": 0,
            "num_statements": 4,
            "percent_covered": 0.0,
            "percent_covered_display": "0",
            "missing_lines": 4,
            "excluded_lines": 0
          },
          "missing_lines": [468, 470, 472, 475],
          "excluded_lines": []
        },
        "TestSonarrMCPServerQueueCalendarWanted.test_get_calendar_with_date_range": {
          "executed_lines": [],
          "summary": {
            "covered_lines": 0,
            "num_statements": 3,
            "percent_covered": 0.0,
            "percent_covered_display": "0",
            "missing_lines": 3,
            "excluded_lines": 0
          },
          "missing_lines": [482, 484, 489],
          "excluded_lines": []
        },
        "TestSonarrMCPServerQueueCalendarWanted.test_get_wanted_returns_missing_episodes": {
          "executed_lines": [],
          "summary": {
            "covered_lines": 0,
            "num_statements": 5,
            "percent_covered": 0.0,
            "percent_covered_display": "0",
            "missing_lines": 5,
            "excluded_lines": 0
          },
          "missing_lines": [498, 504, 506, 508, 511],
          "excluded_lines": []
        },
        "TestSonarrMCPServerQueueCalendarWanted.test_get_wanted_with_options": {
          "executed_lines": [],
          "summary": {
            "covered_lines": 0,
            "num_statements": 3,
            "percent_covered": 0.0,
            "percent_covered_display": "0",
            "missing_lines": 3,
            "excluded_lines": 0
          },
          "missing_lines": [518, 520, 525],
          "excluded_lines": []
        },
        "TestSonarrMCPServerErrorHandling.test_handles_unknown_tool": {
          "executed_lines": [],
          "summary": {
            "covered_lines": 0,
            "num_statements": 5,
            "percent_covered": 0.0,
            "percent_covered_display": "0",
            "missing_lines": 5,
            "excluded_lines": 0
          },
          "missing_lines": [541, 543, 544, 545, 546],
          "excluded_lines": []
        },
        "TestSonarrMCPServerErrorHandling.test_handles_client_error": {
          "executed_lines": [],
          "summary": {
            "covered_lines": 0,
            "num_statements": 6,
            "percent_covered": 0.0,
            "percent_covered_display": "0",
            "missing_lines": 6,
            "excluded_lines": 0
          },
          "missing_lines": [553, 557, 559, 560, 561, 562],
          "excluded_lines": []
        },
        "TestSonarrMCPServerErrorHandling.test_handles_connection_error": {
          "executed_lines": [],
          "summary": {
            "covered_lines": 0,
            "num_statements": 6,
            "percent_covered": 0.0,
            "percent_covered_display": "0",
            "missing_lines": 6,
            "excluded_lines": 0
          },
          "missing_lines": [569, 573, 575, 576, 577, 578],
          "excluded_lines": []
        },
        "TestSonarrMCPServerErrorHandling.test_handles_validation_error": {
          "executed_lines": [],
          "summary": {
            "covered_lines": 0,
            "num_statements": 5,
            "percent_covered": 0.0,
            "percent_covered_display": "0",
            "missing_lines": 5,
            "excluded_lines": 0
          },
          "missing_lines": [584, 586, 587, 588, 589],
          "excluded_lines": []
        },
        "TestSonarrMCPServerErrorHandling.test_handles_unexpected_error": {
          "executed_lines": [],
          "summary": {
            "covered_lines": 0,
            "num_statements": 6,
            "percent_covered": 0.0,
            "percent_covered_display": "0",
            "missing_lines": 6,
            "excluded_lines": 0
          },
          "missing_lines": [596, 598, 600, 601, 602, 603],
          "excluded_lines": []
        },
        "TestSonarrMCPServerResponseFormatting.test_successful_response_format": {
          "executed_lines": [],
          "summary": {
            "covered_lines": 0,
            "num_statements": 14,
            "percent_covered": 0.0,
            "percent_covered_display": "0",
            "missing_lines": 14,
            "excluded_lines": 0
          },
          "missing_lines": [
            619, 621, 623, 624, 625, 626, 629, 630, 632, 633, 634, 635, 636, 637
          ],
          "excluded_lines": []
        },
        "TestSonarrMCPServerResponseFormatting.test_error_response_format": {
          "executed_lines": [],
          "summary": {
            "covered_lines": 0,
            "num_statements": 11,
            "percent_covered": 0.0,
            "percent_covered_display": "0",
            "missing_lines": 11,
            "excluded_lines": 0
          },
          "missing_lines": [
            644, 646, 648, 649, 650, 653, 654, 656, 657, 658, 659
          ],
          "excluded_lines": []
        },
        "TestSonarrMCPServerResponseFormatting.test_delete_series_empty_response_handling": {
          "executed_lines": [],
          "summary": {
            "covered_lines": 0,
            "num_statements": 8,
            "percent_covered": 0.0,
            "percent_covered_display": "0",
            "missing_lines": 8,
            "excluded_lines": 0
          },
          "missing_lines": [666, 668, 672, 673, 674, 677, 678, 679],
          "excluded_lines": []
        },
        "TestSonarrMCPServerIntegration.test_complete_series_workflow": {
          "executed_lines": [],
          "summary": {
            "covered_lines": 0,
            "num_statements": 12,
            "percent_covered": 0.0,
            "percent_covered_display": "0",
            "missing_lines": 12,
            "excluded_lines": 0
          },
          "missing_lines": [
            696, 704, 707, 710, 716, 724, 727, 738, 741, 744, 749, 752
          ],
          "excluded_lines": []
        },
        "TestSonarrMCPServerIntegration.test_all_tools_are_callable": {
          "executed_lines": [],
          "summary": {
            "covered_lines": 0,
            "num_statements": 28,
            "percent_covered": 0.0,
            "percent_covered_display": "0",
            "missing_lines": 28,
            "excluded_lines": 0
          },
          "missing_lines": [
            760, 761, 762, 763, 764, 765, 766, 767, 768, 769, 771, 773, 775,
            776, 777, 778, 779, 780, 781, 782, 783, 784, 785, 786, 787, 790,
            793, 794
          ],
          "excluded_lines": []
        },
        "": {
          "executed_lines": [],
          "summary": {
            "covered_lines": 0,
            "num_statements": 96,
            "percent_covered": 0.0,
            "percent_covered_display": "0",
            "missing_lines": 96,
            "excluded_lines": 0
          },
          "missing_lines": [
            21, 22, 23, 25, 26, 29, 34, 42, 43, 54, 55, 60, 61, 76, 77, 97, 100,
            105, 113, 118, 119, 128, 129, 137, 138, 152, 155, 174, 182, 188,
            205, 208, 209, 220, 221, 233, 234, 247, 248, 260, 261, 290, 291,
            301, 302, 315, 316, 327, 328, 349, 352, 353, 362, 363, 378, 379,
            393, 394, 405, 406, 429, 432, 433, 450, 451, 463, 464, 477, 478,
            493, 494, 513, 514, 535, 538, 539, 548, 549, 564, 565, 580, 581,
            591, 592, 611, 614, 615, 639, 640, 661, 662, 687, 690, 691, 754, 755
          ],
          "excluded_lines": []
        }
      },
      "classes": {
        "TestSonarrMCPServerInitialization": {
          "executed_lines": [],
          "summary": {
            "covered_lines": 0,
            "num_statements": 19,
            "percent_covered": 0.0,
            "percent_covered_display": "0",
            "missing_lines": 19,
            "excluded_lines": 0
          },
          "missing_lines": [
            102, 103, 107, 109, 110, 111, 115, 116, 121, 122, 124, 126, 131,
            132, 134, 135, 140, 142, 144
          ],
          "excluded_lines": []
        },
        "TestSonarrMCPServerToolRegistration": {
          "executed_lines": [],
          "summary": {
            "covered_lines": 0,
            "num_statements": 26,
            "percent_covered": 0.0,
            "percent_covered_display": "0",
            "missing_lines": 26,
            "excluded_lines": 0
          },
          "missing_lines": [
            157, 160, 162, 163, 164, 165, 166, 167, 168, 169, 170, 171, 172,
            176, 178, 179, 180, 184, 186, 190, 192, 193, 194, 195, 196, 197
          ],
          "excluded_lines": []
        },
        "TestSonarrMCPServerSeriesOperations": {
          "executed_lines": [],
          "summary": {
            "covered_lines": 0,
            "num_statements": 45,
            "percent_covered": 0.0,
            "percent_covered_display": "0",
            "missing_lines": 45,
            "excluded_lines": 0
          },
          "missing_lines": [
            213, 215, 217, 218, 225, 227, 231, 238, 240, 244, 245, 252, 254,
            256, 257, 258, 265, 267, 276, 279, 280, 282, 283, 284, 285, 286,
            287, 288, 294, 296, 297, 298, 299, 306, 308, 312, 313, 320, 322,
            323, 324, 325, 332, 334, 339
          ],
          "excluded_lines": []
        },
        "TestSonarrMCPServerEpisodeOperations": {
          "executed_lines": [],
          "summary": {
            "covered_lines": 0,
            "num_statements": 21,
            "percent_covered": 0.0,
            "percent_covered_display": "0",
            "missing_lines": 21,
            "excluded_lines": 0
          },
          "missing_lines": [
            355, 357, 358, 359, 360, 367, 369, 373, 376, 383, 385, 389, 398,
            400, 401, 402, 403, 410, 416, 420, 421
          ],
          "excluded_lines": []
        },
        "TestSonarrMCPServerQueueCalendarWanted": {
          "executed_lines": [],
          "summary": {
            "covered_lines": 0,
            "num_statements": 23,
            "percent_covered": 0.0,
            "percent_covered_display": "0",
            "missing_lines": 23,
            "excluded_lines": 0
          },
          "missing_lines": [
            437, 443, 445, 447, 448, 455, 457, 461, 468, 470, 472, 475, 482,
            484, 489, 498, 504, 506, 508, 511, 518, 520, 525
          ],
          "excluded_lines": []
        },
        "TestSonarrMCPServerErrorHandling": {
          "executed_lines": [],
          "summary": {
            "covered_lines": 0,
            "num_statements": 28,
            "percent_covered": 0.0,
            "percent_covered_display": "0",
            "missing_lines": 28,
            "excluded_lines": 0
          },
          "missing_lines": [
            541, 543, 544, 545, 546, 553, 557, 559, 560, 561, 562, 569, 573,
            575, 576, 577, 578, 584, 586, 587, 588, 589, 596, 598, 600, 601,
            602, 603
          ],
          "excluded_lines": []
        },
        "TestSonarrMCPServerResponseFormatting": {
          "executed_lines": [],
          "summary": {
            "covered_lines": 0,
            "num_statements": 33,
            "percent_covered": 0.0,
            "percent_covered_display": "0",
            "missing_lines": 33,
            "excluded_lines": 0
          },
          "missing_lines": [
            619, 621, 623, 624, 625, 626, 629, 630, 632, 633, 634, 635, 636,
            637, 644, 646, 648, 649, 650, 653, 654, 656, 657, 658, 659, 666,
            668, 672, 673, 674, 677, 678, 679
          ],
          "excluded_lines": []
        },
        "TestSonarrMCPServerIntegration": {
          "executed_lines": [],
          "summary": {
            "covered_lines": 0,
            "num_statements": 40,
            "percent_covered": 0.0,
            "percent_covered_display": "0",
            "missing_lines": 40,
            "excluded_lines": 0
          },
          "missing_lines": [
            696, 704, 707, 710, 716, 724, 727, 738, 741, 744, 749, 752, 760,
            761, 762, 763, 764, 765, 766, 767, 768, 769, 771, 773, 775, 776,
            777, 778, 779, 780, 781, 782, 783, 784, 785, 786, 787, 790, 793, 794
          ],
          "excluded_lines": []
        },
        "": {
          "executed_lines": [],
          "summary": {
            "covered_lines": 0,
            "num_statements": 106,
            "percent_covered": 0.0,
            "percent_covered_display": "0",
            "missing_lines": 106,
            "excluded_lines": 0
          },
          "missing_lines": [
            21, 22, 23, 25, 26, 29, 34, 42, 43, 45, 46, 47, 48, 49, 50, 51, 54,
            55, 57, 60, 61, 63, 76, 77, 79, 97, 100, 105, 113, 118, 119, 128,
            129, 137, 138, 152, 155, 174, 182, 188, 205, 208, 209, 220, 221,
            233, 234, 247, 248, 260, 261, 290, 291, 301, 302, 315, 316, 327,
            328, 349, 352, 353, 362, 363, 378, 379, 393, 394, 405, 406, 429,
            432, 433, 450, 451, 463, 464, 477, 478, 493, 494, 513, 514, 535,
            538, 539, 548, 549, 564, 565, 580, 581, 591, 592, 611, 614, 615,
            639, 640, 661, 662, 687, 690, 691, 754, 755
          ],
          "excluded_lines": []
        }
      }
    }
  },
  "totals": {
    "covered_lines": 2309,
    "num_statements": 11729,
    "percent_covered": 19.686247761957542,
    "percent_covered_display": "20",
    "missing_lines": 9420,
    "excluded_lines": 12
  }
}
